4.990293692000705 0
0.0030225990012695547 1
0.00024296799892908894 0
0.00025739600096130744 1
0.0013606219981738832 0
0.00047239500054274686 1
0.0020202570012770593 0
0.00046640599975944497 1
0.00784727800055407 0
0.0002755719979177229 1
0.0021107259999553207 0
0.00018437400285620242 1
0.00433244099986041 0
0.0002585929978522472 1
0.005172438999579754 0
0.0004259890010871459 1
0.0009422900002391543 0
0.00015953099864418618 1
0.006469312000263017 0
0.00023973900169949047 1
0.0021199959992372897 0
0.00015515600171056576 1
0.0019020799991267268 0
0.00033578099828446284 1
0.0008308320029755123 0
0.00022208299924386665 1
0.0020016109992866404 0
0.00036083200029679574 1
0.0031849429979047272 0
0.00021479100178112276 1
0.0030528069983120076 0
0.0002529170014895499 1
0.05640031900111353 0
0.0011372369990567677 1
0.0007795819983584806 0
0.0005820300029881764 1
0.0003758329985430464 0
0.0021185900004638825 1
0.0005650509992847219 0
0.0001858850009739399 1
0.0017772889987099916 0
0.0006185410020407289 1
0.0030502549998345785 0
0.0003971859987359494 1
